<?xml version="1.0" encoding="UTF-8"?>
<testsuite xmlns:xsi="http://www.w3.org/2001/XMLSchema-instance" xsi:noNamespaceSchemaLocation="https://maven.apache.org/surefire/maven-surefire-plugin/xsd/surefire-test-report.xsd" version="3.0.2" name="com.eureka_server.eureka_server.EurekaServerApplicationTests" time="1.737" tests="1" errors="0" skipped="0" failures="0" flakes="0">
  <properties>
[...]
</properties>
  <testcase name="contextLoads" classname="com.eureka_server.eureka_server.EurekaServerApplicationTests" time="0.314">
    <system-out><![CDATA[19:03:29.697 [main] INFO org.springframework.test.context.support.AnnotationConfigContextLoaderUtils -- Could not detect default configuration classes for test class [com.eureka_server.eureka_server.EurekaServerApplicationTests]: EurekaServerApplicationTests does not declare any static, non-private, non-final, nested classes annotated with @Configuration.
19:03:29.735 [main] INFO org.springframework.boot.test.context.SpringBootTestContextBootstrapper -- Found @SpringBootConfiguration com.eureka_server.eureka_server.EurekaServerApplication for test class com.eureka_server.eureka_server.EurekaServerApplicationTests
19:03:29.766 [main] INFO org.springframework.test.context.support.AnnotationConfigContextLoaderUtils -- Could not detect default configuration classes for test class [com.eureka_server.eureka_server.EurekaServerApplicationTests]: EurekaServerApplicationTests does not declare any static, non-private, non-final, nested classes annotated with @Configuration.
19:03:29.767 [main] INFO org.springframework.boot.test.context.SpringBootTestContextBootstrapper -- Found @SpringBootConfiguration com.eureka_server.eureka_server.EurekaServerApplication for test class com.eureka_server.eureka_server.EurekaServerApplicationTests

  .   ____          _            __ _ _
 /\\ / ___'_ __ _ _(_)_ __  __ _ \ \ \ \
( ( )\___ | '_ | '_| | '_ \/ _` | \ \ \ \
 \\/  ___)| |_)| | | | | || (_| |  ) ) ) )
  '  |____| .__|_| |_|_| |_\__, | / / / /
 =========|_|==============|___/=/_/_/_/

 :: Spring Boot ::                (v4.1.0)

2026-06-24T19:03:29.971-04:00  INFO 31882 --- [eureka-server] [           main] c.e.e.EurekaServerApplicationTests       : Starting EurekaServerApplicationTests using Java 26.0.1 with PID 31882 (started by karensita in /Users/karensita/Downloads/Maliburger final boss 3/MALIBURGERv1805/MALIBURGER/eureka-server)
2026-06-24T19:03:29.971-04:00  INFO 31882 --- [eureka-server] [           main] c.e.e.EurekaServerApplicationTests       : No active profile set, falling back to 1 default profile: "default"
2026-06-24T19:03:30.347-04:00  INFO 31882 --- [eureka-server] [           main] o.s.cloud.context.scope.GenericScope     : BeanFactory id=e135fa2f-aed1-35c3-9586-6c27dfabd10a
2026-06-24T19:03:30.484-04:00  INFO 31882 --- [eureka-server] [           main] o.s.v.b.OptionalValidatorFactoryBean     : Failed to set up a Bean Validation provider: jakarta.validation.NoProviderFoundException: Unable to create a Configuration, because no Jakarta Validation provider could be found. Add a provider like Hibernate Validator (RI) to your classpath.
2026-06-24T19:03:30.770-04:00  WARN 31882 --- [eureka-server] [           main] iguration$LoadBalancerCaffeineWarnLogger : Spring Cloud LoadBalancer is currently working with the default cache. While this cache implementation is useful for development and tests, it's recommended to use Caffeine cache in production.You can switch to using Caffeine cache, by adding it and org.springframework.cache.caffeine.CaffeineCacheManager to the classpath.
2026-06-24T19:03:30.862-04:00  INFO 31882 --- [eureka-server] [           main] o.s.c.n.eureka.InstanceInfoFactory       : Setting initial instance status as: STARTING
2026-06-24T19:03:30.868-04:00  INFO 31882 --- [eureka-server] [           main] com.netflix.discovery.DiscoveryClient    : Initializing Eureka in region us-east-1
2026-06-24T19:03:30.868-04:00  INFO 31882 --- [eureka-server] [           main] com.netflix.discovery.DiscoveryClient    : Client configured to neither register nor query for data.
2026-06-24T19:03:30.869-04:00  INFO 31882 --- [eureka-server] [           main] com.netflix.discovery.DiscoveryClient    : Discovery Client initialized at timestamp 1782342210869 with initial instances count: 0
2026-06-24T19:03:30.881-04:00  INFO 31882 --- [eureka-server] [           main] c.n.eureka.DefaultEurekaServerContext    : Initializing ...
2026-06-24T19:03:30.882-04:00  INFO 31882 --- [eureka-server] [           main] c.n.eureka.cluster.PeerEurekaNodes       : Adding new peer nodes [http://localhost:8761/eureka/]
2026-06-24T19:03:30.920-04:00  INFO 31882 --- [eureka-server] [           main] c.n.d.provider.DiscoveryJerseyProvider   : Using JSON encoding codec LegacyJacksonJson
2026-06-24T19:03:30.920-04:00  INFO 31882 --- [eureka-server] [           main] c.n.d.provider.DiscoveryJerseyProvider   : Using JSON decoding codec LegacyJacksonJson
2026-06-24T19:03:30.920-04:00  INFO 31882 --- [eureka-server] [           main] c.n.d.provider.DiscoveryJerseyProvider   : Using XML encoding codec XStreamXml
2026-06-24T19:03:30.920-04:00  INFO 31882 --- [eureka-server] [           main] c.n.d.provider.DiscoveryJerseyProvider   : Using XML decoding codec XStreamXml
2026-06-24T19:03:30.940-04:00  INFO 31882 --- [eureka-server] [           main] c.n.eureka.cluster.PeerEurekaNodes       : Replica node URL:  http://localhost:8761/eureka/
2026-06-24T19:03:30.944-04:00  INFO 31882 --- [eureka-server] [           main] c.n.e.registry.AbstractInstanceRegistry  : Finished initializing remote region registries. All known remote regions: []
2026-06-24T19:03:30.944-04:00  INFO 31882 --- [eureka-server] [           main] c.n.eureka.DefaultEurekaServerContext    : Initialized
2026-06-24T19:03:30.975-04:00  INFO 31882 --- [eureka-server] [           main] o.s.b.a.e.web.EndpointLinksResolver      : Exposing 1 endpoint beneath base path '/actuator'
2026-06-24T19:03:30.998-04:00  INFO 31882 --- [eureka-server] [           main] o.s.c.n.e.s.EurekaServiceRegistry        : Registering application EUREKA-SERVER with eureka with status UP
2026-06-24T19:03:31.003-04:00  INFO 31882 --- [eureka-server] [      Thread-10] o.s.c.n.e.server.EurekaServerBootstrap   : isAws returned false
2026-06-24T19:03:31.003-04:00  INFO 31882 --- [eureka-server] [      Thread-10] o.s.c.n.e.server.EurekaServerBootstrap   : Initialized server context
2026-06-24T19:03:31.003-04:00  INFO 31882 --- [eureka-server] [      Thread-10] c.n.e.r.PeerAwareInstanceRegistryImpl    : Got 1 instances from neighboring DS node
2026-06-24T19:03:31.003-04:00  INFO 31882 --- [eureka-server] [      Thread-10] c.n.e.r.PeerAwareInstanceRegistryImpl    : Renew threshold is: 1
2026-06-24T19:03:31.003-04:00  INFO 31882 --- [eureka-server] [      Thread-10] c.n.e.r.PeerAwareInstanceRegistryImpl    : Changing status to UP
2026-06-24T19:03:31.004-04:00  INFO 31882 --- [eureka-server] [           main] c.e.e.EurekaServerApplicationTests       : Started EurekaServerApplicationTests in 1.161 seconds (process running for 1.589)
2026-06-24T19:03:31.004-04:00  INFO 31882 --- [eureka-server] [      Thread-10] e.s.EurekaServerInitializerConfiguration : Started Eureka Server
]]></system-out>
    <system-err><![CDATA[Mockito is currently self-attaching to enable the inline-mock-maker. This will no longer work in future releases of the JDK. Please add Mockito as an agent to your build as described in Mockito's documentation: https://javadoc.io/doc/org.mockito/mockito-core/latest/org.mockito/org/mockito/Mockito.html#0.3
WARNING: A Java agent has been loaded dynamically (/Users/karensita/.m2/repository/net/bytebuddy/byte-buddy-agent/1.18.10/byte-buddy-agent-1.18.10.jar)
WARNING: If a serviceability tool is in use, please run with -XX:+EnableDynamicAgentLoading to hide this warning
WARNING: If a serviceability tool is not in use, please run with -Djdk.instrument.traceUsage for more information
WARNING: Dynamic loading of agents will be disallowed by default in a future release
]]></system-err>
  </testcase>
</testsuite>